    at [90mfile:///Users/majesnix/.gsd/projects/10bbdb07c38c/worktrees/M001/[39mnode_modules/[4m.pnpm[24m/@vitest+runner@4.1.7/node_modules/[4m@vitest/runner[24m/dist/chunk-artifact.js:2955:64

 [32m✓[39m src/UpdateChecker.test.tsx [2m([22m[2m5 tests[22m[2m)[22m[32m 23[2mms[22m[39m
 [32m✓[39m src/components/response/ResponseDecodedView.test.tsx [2m([22m[2m4 tests[22m[2m)[22m[32m 93[2mms[22m[39m
 [32m✓[39m src/stores/usePlanExecutionStore.test.ts [2m([22m[2m50 tests[22m[2m)[22m[32m 16[2mms[22m[39m
 [32m✓[39m src/components/form/__tests__/NestedMessageField.test.tsx [2m([22m[2m3 tests[22m[2m)[22m[32m 80[2mms[22m[39m
 [32m✓[39m src/hooks/__tests__/usePlatformLabel.test.ts [2m([22m[2m3 tests[22m[2m)[22m[32m 17[2mms[22m[39m
 [32m✓[39m src/components/plans/StepStatusBadge.test.tsx [2m([22m[2m12 tests[22m[2m)[22m[32m 41[2mms[22m[39m
 [32m✓[39m src/stores/usePlanStore.test.ts [2m([22m[2m36 tests[22m[2m)[22m[32m 11[2mms[22m[39m
 [32m✓[39m src/components/history/historyHelpers.test.ts [2m([22m[2m43 tests[22m[2m)[22m[32m 6[2mms[22m[39m
 [32m✓[39m src/stores/useHistoryStore.test.ts [2m([22m[2m10 tests[22m[2m)[22m[32m 5[2mms[22m[39m
 [32m✓[39m src/stores/useBlockStore.test.ts [2m([22m[2m13 tests[22m[2m)[22m[32m 5[2mms[22m[39m
 [32m✓[39m src/lib/blockApply.test.ts [2m([22m[2m19 tests[22m[2m)[22m[32m 5[2mms[22m[39m
[90mstderr[2m | src/stores/useResponseStore.test.ts[2m > [22m[2msetSubscribeStatus[2m > [22m[2msetSubscribeStatus('Error', 'connection failed') sets status and error message
[22m[39museResponseStore.reset() called while subscribe is active — backend session not stopped. Call stopSubscribe() first.

[90mstderr[2m | src/stores/useResponseStore.test.ts[2m > [22m[2mreset[2m > [22m[2mreset() restores subscribeStatus to 'Idle' and subscribeError to null
[22m[39museResponseStore.reset() called while subscribe is active — backend session not stopped. Call stopSubscribe() first.

 [32m✓[39m src/stores/useResponseStore.test.ts [2m([22m[2m6 tests[22m[2m)[22m[32m 3[2mms[22m[39m
 [32m✓[39m src/stores/useAmqpStore.test.ts [2m([22m[2m18 tests[22m[2m)[22m[32m 4[2mms[22m[39m
 [32m✓[39m src/stores/__tests__/useProtoStore-reload.test.ts [2m([22m[2m11 tests[22m[2m)[22m[32m 4[2mms[22m[39m
 [32m✓[39m src/stores/useProtoStore.test.ts [2m([22m[2m16 tests[22m[2m)[22m[32m 5[2mms[22m[39m
 [32m✓[39m src/App.test.tsx [2m([22m[2m4 tests[22m[2m)[22m[32m 12[2mms[22m[39m

[2m Test Files [22m [1m[32m42 passed[39m[22m[90m (42)[39m
[2m      Tests [22m [1m[32m557 passed[39m[22m[90m (557)[39m
[2m   Start at [22m 21:57:35
[2m   Duration [22m 5.68s[2m (transform 3.35s, setup 3.10s, import 14.57s, tests 9.03s, environment 28.07s)[22m

