package.json
  "scripts": {
    "dev": "vite",
    "build": "tsc && vite build",
    "preview": "vite preview",
    "tauri": "tauri",
    "test": "vitest run",
    "test:watch": "vitest"
  },
  "dependencies": {
    "@codemirror/lang-json": "^6.0.2",
    "@codemirror/view": "^6.43.0",
    "@dnd-kit/core": "^6.3.1",
    "@dnd-kit/sortable": "^10.0.0",
    "@dnd-kit/utilities": "^3.2.2",
    "@fontsource-variable/geist": "^5.2.9",
    "@hookform/resolvers": "^5.2.2",
    "@tauri-apps/api": "^2.11.0",
    "@tauri-apps/plugin-dialog": "^2.7.1",
    "@tauri-apps/plugin-fs": "^2.5.1",
    "@tauri-apps/plugin-opener": "^2",
    "@tauri-apps/plugin-process": "^2.3.1",
