=== tsc ===
src/components/sidebar/__tests__/SchemaExplorer.test.tsx(1,26): error TS6133: 'within' is declared but its value is never read.
=== test ===
 [32m✓[39m src/components/layout/RightPanel.test.tsx [2m([22m[2m2 tests[22m[2m)[22m[32m 106[2mms[22m[39m
 [32m✓[39m src/components/form/__tests__/OneofField.test.tsx [2m([22m[2m3 tests[22m[2m)[22m[32m 185[2mms[22m[39m
 [32m✓[39m src/App.test.tsx [2m([22m[2m4 tests[22m[2m)[22m[32m 19[2mms[22m[39m
 [32m✓[39m src/components/response/ResponseHexSection.test.tsx [2m([22m[2m5 tests[22m[2m)[22m[32m 217[2mms[22m[39m
 [32m✓[39m src/components/layout/__tests__/RightPanel.test.tsx [2m([22m[2m2 tests[22m[2m)[22m[32m 109[2mms[22m[39m
 [32m✓[39m src/components/form/__tests__/NestedMessageField.test.tsx [2m([22m[2m3 tests[22m[2m)[22m[32m 81[2mms[22m[39m
 [32m✓[39m src/hooks/__tests__/usePlatformLabel.test.ts [2m([22m[2m3 tests[22m[2m)[22m[32m 10[2mms[22m[39m
 [32m✓[39m src/components/response/ResponseDecodedView.test.tsx [2m([22m[2m4 tests[22m[2m)[22m[32m 73[2mms[22m[39m
 [32m✓[39m src/components/form/__tests__/WellKnownTypeField.test.tsx [2m([22m[2m5 tests[22m[2m)[22m[32m 139[2mms[22m[39m
 [32m✓[39m src/components/form/__tests__/RepeatedField.test.tsx [2m([22m[2m3 tests[22m[2m)[22m[32m 122[2mms[22m[39m
 [32m✓[39m src/components/form/__tests__/CopyButton.test.tsx [2m([22m[2m4 tests[22m[2m)[22m[32m 67[2mms[22m[39m
 [32m✓[39m src/components/form/fields/__tests__/FieldTooltip.test.tsx [2m([22m[2m7 tests[22m[2m)[22m[33m 2348[2mms[22m[39m
     [33m[2m✓[22m[39m scalar field tooltip shows type, field number, and cardinality [33m 406[2mms[22m[39m
     [33m[2m✓[22m[39m enum field tooltip shows 'enum' [33m 316[2mms[22m[39m
     [33m[2m✓[22m[39m map field tooltip shows 'map' cardinality [33m 314[2mms[22m[39m
     [33m[2m✓[22m[39m oneof field tooltip omits field number when field_number is 0 [33m 327[2mms[22m[39m
     [33m[2m✓[22m[39m repeated field shows 'repeated' cardinality [33m 329[2mms[22m[39m
     [33m[2m✓[22m[39m message field tooltip shows short type name [33m 326[2mms[22m[39m
     [33m[2m✓[22m[39m well-known type tooltip shows wkt name [33m 328[2mms[22m[39m

[2m Test Files [22m [1m[32m49 passed[39m[22m[90m (49)[39m
[2m      Tests [22m [1m[32m629 passed[39m[22m[90m (629)[39m
[2m   Start at [22m 23:30:23
[2m   Duration [22m 7.97s[2m (transform 3.33s, setup 3.36s, import 16.10s, tests 12.33s, environment 33.96s)[22m

