 [32m✓[39m src/stores/useAmqpStore.test.ts[2m > [22maddHeader[2m > [22mT-03-02-01: addHeader with empty key is rejected (no-op)[32m 0[2mms[22m[39m
 [32m✓[39m src/stores/useAmqpStore.test.ts[2m > [22maddHeader[2m > [22mT-03-02-01: addHeader with whitespace-only key is rejected (no-op)[32m 0[2mms[22m[39m
 [32m✓[39m src/stores/useAmqpStore.test.ts[2m > [22maddHeader[2m > [22mT-03-02-02: cap headers at 20 — 21st add is rejected[32m 0[2mms[22m[39m
 [32m✓[39m src/stores/useAmqpStore.test.ts[2m > [22mremoveHeader[2m > [22mremoveHeader(0) when headers.length=1 → headers=[][32m 0[2mms[22m[39m
 [32m✓[39m src/stores/useAmqpStore.test.ts[2m > [22mremoveHeader[2m > [22mremoveHeader(1) removes the correct element by index[32m 0[2mms[22m[39m
 [32m✓[39m src/stores/useAmqpStore.test.ts[2m > [22msetHeaders[2m > [22msetHeaders replaces the entire headers array[32m 0[2mms[22m[39m
 [32m✓[39m src/stores/useAmqpStore.test.ts[2m > [22mreset[2m > [22mreset() → back to all defaults (contentType 'application/octet-stream', deliveryMode 2, others null/empty)[32m 0[2mms[22m[39m
 [32m✓[39m src/App.test.tsx[2m > [22mThemeBootstrap[2m > [22mcalls setTheme with saved value from tauri-plugin-store on mount[32m 8[2mms[22m[39m
 [32m✓[39m src/App.test.tsx[2m > [22mThemeBootstrap[2m > [22mdoes not call setTheme when no saved value exists[32m 1[2mms[22m[39m
 [32m✓[39m src/App.test.tsx[2m > [22mThemeBootstrap[2m > [22mbootstrapped: mirror effect does NOT write to store before bootstrap completes (race guard)[32m 1[2mms[22m[39m
 [32m✓[39m src/App.test.tsx[2m > [22mThemeBootstrap[2m > [22mmirror effect writes to store after bootstrap completes[32m 1[2mms[22m[39m
 [32m✓[39m src/stores/__tests__/useProtoStore-reload.test.ts[2m > [22maddRecentFile[2m > [22madds a file path to the front of recentFiles[32m 1[2mms[22m[39m
 [32m✓[39m src/stores/__tests__/useProtoStore-reload.test.ts[2m > [22maddRecentFile[2m > [22mdeduplicates by moving existing entry to front[32m 0[2mms[22m[39m
 [32m✓[39m src/stores/__tests__/useProtoStore-reload.test.ts[2m > [22maddRecentFile[2m > [22mcaps at 10 entries[32m 1[2mms[22m[39m
 [32m✓[39m src/stores/__tests__/useProtoStore-reload.test.ts[2m > [22maddRecentFile[2m > [22mprepend order — newest first[32m 0[2mms[22m[39m
 [32m✓[39m src/stores/__tests__/useProtoStore-reload.test.ts[2m > [22mupdateFileSchema[2m > [22mpreserves selectedMessageType when the type still exists in new schema[32m 0[2mms[22m[39m
 [32m✓[39m src/stores/__tests__/useProtoStore-reload.test.ts[2m > [22mupdateFileSchema[2m > [22mfalls back to first message when selected type no longer exists[32m 0[2mms[22m[39m
 [32m✓[39m src/stores/__tests__/useProtoStore-reload.test.ts[2m > [22mupdateFileSchema[2m > [22mfalls back to null when new schema has no messages[32m 0[2mms[22m[39m
 [32m✓[39m src/stores/__tests__/useProtoStore-reload.test.ts[2m > [22mupdateFileSchema[2m > [22mdoes not change selectedMessageType when updating a non-active file[32m 0[2mms[22m[39m
 [32m✓[39m src/stores/__tests__/useProtoStore-reload.test.ts[2m > [22mupdateFileSchema[2m > [22mno-ops for unknown file path[32m 0[2mms[22m[39m
 [32m✓[39m src/stores/__tests__/useProtoStore-reload.test.ts[2m > [22mreloadRequested counter[2m > [22mrequestReload increments counter[32m 0[2mms[22m[39m
 [32m✓[39m src/stores/__tests__/useProtoStore-reload.test.ts[2m > [22msetRecentFiles[2m > [22mreplaces the entire recent files list[32m 0[2mms[22m[39m
[90mstderr[2m | src/stores/useResponseStore.test.ts[2m > [22m[2msetSubscribeStatus[2m > [22m[2msetSubscribeStatus('Error', 'connection failed') sets status and error message
[22m[39museResponseStore.reset() called while subscribe is active — backend session not stopped. Call stopSubscribe() first.

[90mstderr[2m | src/stores/useResponseStore.test.ts[2m > [22m[2mreset[2m > [22m[2mreset() restores subscribeStatus to 'Idle' and subscribeError to null
[22m[39museResponseStore.reset() called while subscribe is active — backend session not stopped. Call stopSubscribe() first.

 [32m✓[39m src/stores/useResponseStore.test.ts[2m > [22minitial state[2m > [22msubscribeStatus is 'Idle' initially[32m 1[2mms[22m[39m
 [32m✓[39m src/stores/useResponseStore.test.ts[2m > [22minitial state[2m > [22msubscribeError is null initially[32m 0[2mms[22m[39m
 [32m✓[39m src/stores/useResponseStore.test.ts[2m > [22msetSubscribeStatus[2m > [22msetSubscribeStatus('Running') sets status to Running and clears error to null[32m 0[2mms[22m[39m
 [32m✓[39m src/stores/useResponseStore.test.ts[2m > [22msetSubscribeStatus[2m > [22msetSubscribeStatus('Error', 'connection failed') sets status and error message[32m 0[2mms[22m[39m
 [32m✓[39m src/stores/useResponseStore.test.ts[2m > [22msetSubscribeStatus[2m > [22msetSubscribeStatus('Stopping') without error arg sets subscribeError to null (not undefined)[32m 0[2mms[22m[39m
 [32m✓[39m src/stores/useResponseStore.test.ts[2m > [22mreset[2m > [22mreset() restores subscribeStatus to 'Idle' and subscribeError to null[32m 0[2mms[22m[39m

[2m Test Files [22m [1m[32m45 passed[39m[22m[90m (45)[39m
[2m      Tests [22m [1m[32m580 passed[39m[22m[90m (580)[39m
[2m   Start at [22m 22:26:20
[2m   Duration [22m 6.03s[2m (transform 3.20s, setup 3.27s, import 15.47s, tests 9.35s, environment 29.76s)[22m

