    at new Promise (<anonymous>)
    at runWithCancel [90m(file:///Users/majesnix/.gsd/projects/10bbdb07c38c/worktrees/M001/[39mnode_modules/[4m.pnpm[24m/@vitest+runner@4.1.7/node_modules/[4m@vitest/runner[24m/dist/chunk-artifact.js:2323:10[90m)[39m
    at [90mfile:///Users/majesnix/.gsd/projects/10bbdb07c38c/worktrees/M001/[39mnode_modules/[4m.pnpm[24m/@vitest+runner@4.1.7/node_modules/[4m@vitest/runner[24m/dist/chunk-artifact.js:2305:20
    at new Promise (<anonymous>)
    at runWithTimeout [90m(file:///Users/majesnix/.gsd/projects/10bbdb07c38c/worktrees/M001/[39mnode_modules/[4m.pnpm[24m/@vitest+runner@4.1.7/node_modules/[4m@vitest/runner[24m/dist/chunk-artifact.js:2272:10[90m)[39m
    at [90mfile:///Users/majesnix/.gsd/projects/10bbdb07c38c/worktrees/M001/[39mnode_modules/[4m.pnpm[24m/@vitest+runner@4.1.7/node_modules/[4m@vitest/runner[24m/dist/chunk-artifact.js:2955:64

 [32m✓[39m src/UpdateChecker.test.tsx [2m([22m[2m5 tests[22m[2m)[22m[32m 17[2mms[22m[39m
 [32m✓[39m src/stores/usePlanStore.test.ts [2m([22m[2m36 tests[22m[2m)[22m[32m 9[2mms[22m[39m
 [32m✓[39m src/components/history/historyHelpers.test.ts [2m([22m[2m43 tests[22m[2m)[22m[32m 6[2mms[22m[39m
 [32m✓[39m src/components/plans/StepStatusBadge.test.tsx [2m([22m[2m12 tests[22m[2m)[22m[32m 35[2mms[22m[39m
 [32m✓[39m src/stores/useBlockStore.test.ts [2m([22m[2m13 tests[22m[2m)[22m[32m 5[2mms[22m[39m
 [32m✓[39m src/stores/useHistoryStore.test.ts [2m([22m[2m10 tests[22m[2m)[22m[32m 5[2mms[22m[39m
 [32m✓[39m src/lib/blockApply.test.ts [2m([22m[2m19 tests[22m[2m)[22m[32m 5[2mms[22m[39m
 [32m✓[39m src/stores/useAmqpStore.test.ts [2m([22m[2m18 tests[22m[2m)[22m[32m 4[2mms[22m[39m
[90mstderr[2m | src/stores/useResponseStore.test.ts[2m > [22m[2msetSubscribeStatus[2m > [22m[2msetSubscribeStatus('Error', 'connection failed') sets status and error message
[22m[39museResponseStore.reset() called while subscribe is active — backend session not stopped. Call stopSubscribe() first.

[90mstderr[2m | src/stores/useResponseStore.test.ts[2m > [22m[2mreset[2m > [22m[2mreset() restores subscribeStatus to 'Idle' and subscribeError to null
[22m[39museResponseStore.reset() called while subscribe is active — backend session not stopped. Call stopSubscribe() first.

 [32m✓[39m src/stores/useResponseStore.test.ts [2m([22m[2m6 tests[22m[2m)[22m[32m 3[2mms[22m[39m
 [32m✓[39m src/App.test.tsx [2m([22m[2m4 tests[22m[2m)[22m[32m 13[2mms[22m[39m
 [32m✓[39m src/stores/useProtoStore.test.ts [2m([22m[2m16 tests[22m[2m)[22m[32m 4[2mms[22m[39m

[2m Test Files [22m [1m[32m39 passed[39m[22m[90m (39)[39m
[2m      Tests [22m [1m[32m534 passed[39m[22m[90m (534)[39m
[2m   Start at [22m 21:32:23
[2m   Duration [22m 5.36s[2m (transform 2.75s, setup 2.85s, import 13.15s, tests 9.75s, environment 25.39s)[22m

