=== Rust backend: proto-related commands ===
src-tauri/src/commands/proto.rs:5:#[tauri::command]
src-tauri/src/commands/proto.rs-6-pub async fn parse_proto(
src-tauri/src/commands/proto.rs-7-    file_path: String,
src-tauri/src/commands/proto.rs-8-    include_paths: Vec<String>,
src-tauri/src/commands/proto.rs-9-    pool_state: tauri::State<'_, Mutex<Option<prost_reflect::DescriptorPool>>>,
src-tauri/src/commands/proto.rs-10-) -> Result<ProtoSchema, AppError> {
--
src-tauri/src/commands/connection.rs:70:#[tauri::command]
src-tauri/src/commands/connection.rs-71-pub async fn save_profile(
src-tauri/src/commands/connection.rs-72-    app: AppHandle,
src-tauri/src/commands/connection.rs-73-    profile: ConnectionProfile,
src-tauri/src/commands/connection.rs-74-    password: String,
src-tauri/src/commands/connection.rs-75-) -> Result<(), AppError> {
--
src-tauri/src/commands/connection.rs:109:#[tauri::command]
src-tauri/src/commands/connection.rs-110-pub async fn list_profiles(app: AppHandle) -> Result<Vec<ConnectionProfile>, AppError> {
src-tauri/src/commands/connection.rs-111-    let store = app
src-tauri/src/commands/connection.rs-112-        .store("tap.json")
src-tauri/src/commands/connection.rs-113-        .map_err(|e| AppError::StoreError(e.to_string()))?;
src-tauri/src/commands/connection.rs-114-
--
src-tauri/src/commands/connection.rs:124:#[tauri::command]
src-tauri/src/commands/connection.rs-125-pub async fn delete_profile(app: AppHandle, profile_name: String) -> Result<(), AppError> {
src-tauri/src/commands/connection.rs-126-    // 1. Remove from store
src-tauri/src/commands/connection.rs-127-    let store = app
src-tauri/src/commands/connection.rs-128-        .store("tap.json")
src-tauri/src/commands/connection.rs-129-        .map_err(|e| AppError::StoreError(e.to_string()))?;
--
src-tauri/src/commands/connection.rs:156:#[tauri::command]
src-tauri/src/commands/connection.rs-157-pub async fn test_connection(app: AppHandle, profile_name: String) -> Result<(), AppError> {
src-tauri/src/commands/connection.rs-158-    // Load profile from store
src-tauri/src/commands/connection.rs-159-    let store = app
src-tauri/src/commands/connection.rs-160-        .store("tap.json")
src-tauri/src/commands/connection.rs-161-        .map_err(|e| AppError::StoreError(e.to_string()))?;
--
src-tauri/src/commands/connection.rs:222:#[tauri::command]
src-tauri/src/commands/connection.rs-223-pub async fn activate_profile(app: AppHandle, profile_name: String) -> Result<(), AppError> {
src-tauri/src/commands/connection.rs-224-    // Reuse test_connection logic — if it succeeds, this profile is now active
src-tauri/src/commands/connection.rs-225-    test_connection(app, profile_name).await
src-tauri/src/commands/connection.rs-226-}
src-tauri/src/commands/connection.rs-227-
--
src-tauri/src/commands/connection.rs:238:#[tauri::command]
src-tauri/src/commands/connection.rs-239-pub async fn fetch_queues(
src-tauri/src/commands/connection.rs-240-    app: AppHandle,
src-tauri/src/commands/connection.rs-241-    profile_name: String,
src-tauri/src/commands/connection.rs-242-) -> Result<Vec<String>, AppError> {
src-tauri/src/commands/connection.rs-243-    let (profile, password) = load_profile_with_password(&app, &profile_name)?;
--
src-tauri/src/commands/connection.rs:288:#[tauri::command]
src-tauri/src/commands/connection.rs-289-pub async fn fetch_queue_depth(
src-tauri/src/commands/connection.rs-290-    app: AppHandle,
src-tauri/src/commands/connection.rs-291-    profile_name: String,
src-tauri/src/commands/connection.rs-292-    queue_name: String,
src-tauri/src/commands/connection.rs-293-) -> Result<u64, AppError> {
--
src-tauri/src/commands/connection.rs:343:#[tauri::command]
src-tauri/src/commands/connection.rs-344-pub async fn fetch_exchanges(
src-tauri/src/commands/connection.rs-345-    app: AppHandle,
src-tauri/src/commands/connection.rs-346-    profile_name: String,
src-tauri/src/commands/connection.rs-347-) -> Result<Vec<ExchangeSummary>, AppError> {
src-tauri/src/commands/connection.rs-348-    let (profile, password) = load_profile_with_password(&app, &profile_name)?;
--
src-tauri/src/commands/connection.rs:406:#[tauri::command]
src-tauri/src/commands/connection.rs-407-pub async fn fetch_bindings(
src-tauri/src/commands/connection.rs-408-    app: AppHandle,
src-tauri/src/commands/connection.rs-409-    profile_name: String,
src-tauri/src/commands/connection.rs-410-    exchange_name: String,
src-tauri/src/commands/connection.rs-411-) -> Result<Vec<String>, AppError> {
--
src-tauri/src/commands/publish.rs:30:#[tauri::command]
src-tauri/src/commands/publish.rs-31-pub async fn publish_message(
src-tauri/src/commands/publish.rs-32-    app: AppHandle,
src-tauri/src/commands/publish.rs-33-    profile_name: String,
src-tauri/src/commands/publish.rs-34-    exchange: String,
src-tauri/src/commands/publish.rs-35-    routing_key: String,
--
src-tauri/src/commands/plan_runner.rs:113:#[tauri::command]
src-tauri/src/commands/plan_runner.rs-114-pub fn cancel_plan_run(
src-tauri/src/commands/plan_runner.rs-115-    run_state: tauri::State<'_, Mutex<Option<PlanRunState>>>,

=== Rust lib.rs structure ===
use std::sync::Mutex;
use tauri::Emitter;

mod commands;
mod error;
mod profiles;
mod schema;

#[cfg_attr(mobile, tauri::mobile_entry_point)]
pub fn run() {
    // Platform-specific keyring store initialization — must run before any Entry operations.
    // keyring-core 1.x requires explicit store registration; see keyring-core README.
    // SECURITY: do not log password or AMQP URI
    #[cfg(target_os = "linux")]
    {
        use dbus_secret_service_keyring_store::Store as DbusStore;
        let store = DbusStore::new().expect("Failed to create DBus secret service store");
        keyring_core::set_default_store(store);
    }
    #[cfg(target_os = "macos")]
    {
        use apple_native_keyring_store::keychain::Store as AppleStore;
        let store = AppleStore::new().expect("Failed to create macOS keychain store");
        keyring_core::set_default_store(store);
    }
    #[cfg(target_os = "windows")]
    {
        use windows_native_keyring_store::Store as WindowsStore;
        let store = WindowsStore::new().expect("Failed to create Windows credential store");
        keyring_core::set_default_store(store);
    }

    tauri::Builder::default()
        .manage(Mutex::new(Option::<prost_reflect::DescriptorPool>::None))
        .manage(Mutex::new(Option::<commands::subscribe::SubscribeState>::None))
        .manage(Mutex::new(Option::<commands::plan_runner::PlanRunState>::None))
        .setup(|#[allow(unused_variables)] app| {
            #[cfg(target_os = "macos")]
            {
                use tauri::menu::{MenuBuilder, MenuItem, PredefinedMenuItem, SubmenuBuilder};
                let check_updates = MenuItem::with_id(
                    app,
                    "check-for-updates",
                    "Check for Updates...",
                    true,
                    None::<&str>,
                )?;
                let app_menu = SubmenuBuilder::new(app, "Tap")
                    .item(&PredefinedMenuItem::about(app, None::<&str>, None)?)
                    .separator()
                    .item(&check_updates)
                    .separator()
                    .item(&PredefinedMenuItem::quit(app, None::<&str>)?)
                    .build()?;
                let edit_menu = SubmenuBuilder::new(app, "Edit")
                    .undo()
                    .redo()
                    .separator()
                    .cut()
                    .copy()

=== Rust proto module ===
No proto module found
total 256
drwxr-xr-x@ 10 majesnix  staff    320 May 25 20:59 .
drwxr-xr-x@  8 majesnix  staff    256 May 25 20:59 ..
-rw-r--r--@  1 majesnix  staff  16342 May 25 20:59 connection.rs
-rw-r--r--@  1 majesnix  staff  20064 May 25 20:59 consume.rs
-rw-r--r--@  1 majesnix  staff  23125 May 25 20:59 encode.rs
-rw-r--r--@  1 majesnix  staff    125 May 25 20:59 mod.rs
-rw-r--r--@  1 majesnix  staff  24534 May 25 20:59 plan_runner.rs
-rw-r--r--@  1 majesnix  staff   1873 May 25 20:59 proto.rs
-rw-r--r--@  1 majesnix  staff   9803 May 25 20:59 publish.rs
-rw-r--r--@  1 majesnix  staff  20541 May 25 20:59 subscribe.rs
src-tauri/src/commands/connection.rs
src-tauri/src/commands/consume.rs
src-tauri/src/commands/encode.rs
src-tauri/src/commands/mod.rs
src-tauri/src/commands/plan_runner.rs
src-tauri/src/commands/proto.rs
src-tauri/src/commands/publish.rs
src-tauri/src/commands/subscribe.rs
src-tauri/src/error.rs
src-tauri/src/lib.rs
src-tauri/src/main.rs
src-tauri/src/profiles/mod.rs
src-tauri/src/schema/extractor.rs
src-tauri/src/schema/mod.rs
src-tauri/src/schema/types.rs
